1571317546576	mozrunner::runner	INFO	Running command: "C:\\Program Files (x86)\\Mozilla Firefox\\firefox.exe" "-marionette" "-foreground" "-no-remote" "-profile" "C:\\Users\\GRIEKE~1\\AppData\\Local\\Temp\\rust_mozprofilelhInQT"
1571317548679	Marionette	INFO	Listening on port 49907
1571317548723	Marionette	WARN	TLS certificate errors will be ignored for this session
JavaScript error: chrome://browser/content/content.js, line 1192: TypeError: manifestURI is null
JavaScript warning: https://web.whatsapp.com/app.20893200811e56e44c78.js, line 2: unreachable code after return statement
JavaScript warning: https://web.whatsapp.com/app.20893200811e56e44c78.js, line 2: unreachable code after return statement
[Child 14412, Chrome_ChildThread] WARNING: pipe error: 109: file z:/build/build/src/ipc/chromium/src/chrome/common/ipc_channel_win.cc, line 332
[Child 14412, Chrome_ChildThread] WARNING: pipe error: 109: file *** UTM:SVC TimerManager:registerTimer called after profile-before-change notification. Ignoring timer registration for id: telemetry_modules_ping

###!!! [Child][MessageChannel::SendAndWait] Error: Channel error: cannot send/recv

1571320965574	mozrunner::runner	INFO	Running command: "C:\\Program Files (x86)\\Mozilla Firefox\\firefox.exe" "-marionette" "-foreground" "-no-remote" "-profile" "C:\\Users\\GRIEKE~1\\AppData\\Local\\Temp\\rust_mozprofilegVb2tJ"
1571320967280	Marionette	INFO	Listening on port 50655
1571320967694	Marionette	WARN	TLS certificate errors will be ignored for this session
JavaScript error: chrome://browser/content/content.js, line 1192: TypeError: manifestURI is null
JavaScript warning: https://web.whatsapp.com/app.20893200811e56e44c78.js, line 2: unreachable code after return statement
JavaScript warning: https://web.whatsapp.com/app.20893200811e56e44c78.js, line 2: unreachable code after return statement
[Child 9224, Chrome_ChildThread] WARNING: pipe error: 109: file z:/build/build/src/ipc/chromium/src/chrome/common/ipc_channel_win.cc, line 332
[Child 9224, Chrome_ChildThread] WARNING: pipe error: 109: file z:/build/build/src/ipc/chromium/src/chrome/common/ipc_channel_win.cc, line 332
[Child 4372, Chrome_ChildThread] WARNING: pipe error: 109: file z:/build/build/src/ipc/chromium/src/chrome/common/ipc_channel_win.cc, line 332
[Child 4372, Chrome_ChildThread] WARNING: pipe error: 109: file z:/build/build/src/ipc/chromium/src/ch[Parent 8416, Gecko_IOThread] WARNING: pipe error: 109: file z:/build/build/src/ipc/chromium/src/chrome/common/ipc_channel_win.cc, line 332
*** UTM:SVC TimerManager:registerTimer called after profile-before-change notification. Ignoring timer registration for id: telemetry_modules_ping

###!!! [Child][MessageChannel::SendAndWait] Error: Channel error: cannot send/recv

